<?xml version="1.0" encoding="UTF-8"?>
<testsuite xmlns:xsi="http://www.w3.org/2001/XMLSchema-instance" xsi:noNamespaceSchemaLocation="https://maven.apache.org/surefire/maven-surefire-plugin/xsd/surefire-test-report.xsd" version="3.0.2" name="com.example.SiteCercolaFioravante.repository_tests.ReservationRepositoryTest" time="0.23" tests="3" errors="0" skipped="0" failures="0">
  <properties>
[...]
</properties>
  <testcase name="findReservationsByLocalDateTest" classname="com.example.SiteCercolaFioravante.repository_tests.ReservationRepositoryTest" time="0.08">
    <system-out><![CDATA[2025-04-03T19:01:27.607+02:00  INFO 8526 --- [SiteCercolaFioravante] [           main] t.c.s.AnnotationConfigContextLoaderUtils : Could not detect default configuration classes for test class [com.example.SiteCercolaFioravante.repository_tests.ReservationRepositoryTest]: ReservationRepositoryTest does not declare any static, non-private, non-final, nested classes annotated with @Configuration.
2025-04-03T19:01:27.625+02:00  INFO 8526 --- [SiteCercolaFioravante] [           main] .b.t.c.SpringBootTestContextBootstrapper : Found @SpringBootConfiguration com.example.SiteCercolaFioravante.SiteCercolaFioravanteApplication for test class com.example.SiteCercolaFioravante.repository_tests.ReservationRepositoryTest
Hibernate: 
    select
        d1_0."date",
        d1_0."is_available",
        r1_0."day_date",
        r1_0."id",
        r1_0."customer_id",
        c1_0."id",
        c1_0."email",
        c1_0."name",
        c1_0."password",
        c1_0."phone_number",
        c1_0."role",
        c1_0."surname",
        c1_0."token_registration",
        r1_0."hour",
        r1_0."is_completed",
        r1_0."is_deletable",
        r1_0."service_id",
        s1_0."id",
        s1_0."description",
        s1_0."first_image",
        s1_0."price",
        s1_0."service_name" 
    from
        "day" d1_0 
    left join
        "reservation" r1_0 
            on d1_0."date"=r1_0."day_date" 
    left join
        "customer" c1_0 
            on c1_0."id"=r1_0."customer_id" 
    left join
        "service" s1_0 
            on s1_0."id"=r1_0."service_id" 
    where
        d1_0."date"=?
Hibernate: 
    insert 
    into
        "day"
        ("is_available", "date") 
    values
        (?, ?)
Hibernate: 
    insert 
    into
        "day_occupied_hour"
        ("day_date", "occupied_hour") 
    values
        (?, ?)
Hibernate: 
    select
        next value for "service_seq"
Hibernate: 
    insert 
    into
        "service"
        ("description", "first_image", "price", "service_name", "id") 
    values
        (?, ?, ?, ?, ?)
Hibernate: 
    insert 
    into
        "customer"
        ("email", "name", "password", "phone_number", "role", "surname", "token_registration", "id") 
    values
        (?, ?, ?, ?, ?, ?, ?, ?)
Hibernate: 
    select
        d1_0."date",
        d1_0."is_available" 
    from
        "day" d1_0 
    where
        d1_0."date"=?
Hibernate: 
    select
        s1_0."id",
        s1_0."description",
        s1_0."first_image",
        s1_0."price",
        s1_0."service_name" 
    from
        "service" s1_0 
    where
        s1_0."service_name"=?
Hibernate: 
    select
        c1_0."id",
        c1_0."email",
        c1_0."name",
        c1_0."password",
        c1_0."phone_number",
        c1_0."role",
        c1_0."surname",
        c1_0."token_registration" 
    from
        "customer" c1_0 
    where
        c1_0."email"=?
Hibernate: 
    select
        next value for "reservation_seq"
Hibernate: 
    select
        null,
        d1_0."is_available" 
    from
        "day" d1_0 
    where
        d1_0."date"=?
Hibernate: 
    insert 
    into
        "reservation"
        ("customer_id", "day_date", "hour", "is_completed", "is_deletable", "service_id", "id") 
    values
        (?, ?, ?, ?, ?, ?, ?)
Hibernate: 
    select
        r1_0."day_date",
        s1_0."service_name",
        c1_0."name",
        c1_0."surname",
        r1_0."hour" 
    from
        "reservation" r1_0 
    join
        "service" s1_0 
            on s1_0."id"=r1_0."service_id" 
    join
        "customer" c1_0 
            on c1_0."id"=r1_0."customer_id" 
    where
        r1_0."day_date"=?
]]></system-out>
  </testcase>
  <testcase name="findReservationsByUserNameAndSurnameTest" classname="com.example.SiteCercolaFioravante.repository_tests.ReservationRepositoryTest" time="0.05">
    <system-out><![CDATA[Hibernate: 
    select
        d1_0."date",
        d1_0."is_available",
        r1_0."day_date",
        r1_0."id",
        r1_0."customer_id",
        c1_0."id",
        c1_0."email",
        c1_0."name",
        c1_0."password",
        c1_0."phone_number",
        c1_0."role",
        c1_0."surname",
        c1_0."token_registration",
        r1_0."hour",
        r1_0."is_completed",
        r1_0."is_deletable",
        r1_0."service_id",
        s1_0."id",
        s1_0."description",
        s1_0."first_image",
        s1_0."price",
        s1_0."service_name" 
    from
        "day" d1_0 
    left join
        "reservation" r1_0 
            on d1_0."date"=r1_0."day_date" 
    left join
        "customer" c1_0 
            on c1_0."id"=r1_0."customer_id" 
    left join
        "service" s1_0 
            on s1_0."id"=r1_0."service_id" 
    where
        d1_0."date"=?
Hibernate: 
    insert 
    into
        "day"
        ("is_available", "date") 
    values
        (?, ?)
Hibernate: 
    insert 
    into
        "day_occupied_hour"
        ("day_date", "occupied_hour") 
    values
        (?, ?)
Hibernate: 
    select
        next value for "service_seq"
Hibernate: 
    insert 
    into
        "service"
        ("description", "first_image", "price", "service_name", "id") 
    values
        (?, ?, ?, ?, ?)
Hibernate: 
    insert 
    into
        "customer"
        ("email", "name", "password", "phone_number", "role", "surname", "token_registration", "id") 
    values
        (?, ?, ?, ?, ?, ?, ?, ?)
Hibernate: 
    select
        d1_0."date",
        d1_0."is_available" 
    from
        "day" d1_0 
    where
        d1_0."date"=?
Hibernate: 
    select
        s1_0."id",
        s1_0."description",
        s1_0."first_image",
        s1_0."price",
        s1_0."service_name" 
    from
        "service" s1_0 
    where
        s1_0."service_name"=?
Hibernate: 
    select
        c1_0."id",
        c1_0."email",
        c1_0."name",
        c1_0."password",
        c1_0."phone_number",
        c1_0."role",
        c1_0."surname",
        c1_0."token_registration" 
    from
        "customer" c1_0 
    where
        c1_0."email"=?
Hibernate: 
    select
        next value for "reservation_seq"
Hibernate: 
    select
        null,
        d1_0."is_available" 
    from
        "day" d1_0 
    where
        d1_0."date"=?
Hibernate: 
    insert 
    into
        "reservation"
        ("customer_id", "day_date", "hour", "is_completed", "is_deletable", "service_id", "id") 
    values
        (?, ?, ?, ?, ?, ?, ?)
Hibernate: 
    select
        r1_0."day_date",
        s1_0."service_name",
        c1_0."name",
        c1_0."surname",
        r1_0."hour" 
    from
        "reservation" r1_0 
    join
        "service" s1_0 
            on s1_0."id"=r1_0."service_id" 
    join
        "customer" c1_0 
            on c1_0."id"=r1_0."customer_id" 
    where
        (
            c1_0."name" like ? escape ''
        ) 
        or (
            c1_0."surname" like ? escape ''
        )
]]></system-out>
  </testcase>
  <testcase name="findReservationsByServiceNameTest" classname="com.example.SiteCercolaFioravante.repository_tests.ReservationRepositoryTest" time="0.058">
    <system-out><![CDATA[Hibernate: 
    select
        d1_0."date",
        d1_0."is_available",
        r1_0."day_date",
        r1_0."id",
        r1_0."customer_id",
        c1_0."id",
        c1_0."email",
        c1_0."name",
        c1_0."password",
        c1_0."phone_number",
        c1_0."role",
        c1_0."surname",
        c1_0."token_registration",
        r1_0."hour",
        r1_0."is_completed",
        r1_0."is_deletable",
        r1_0."service_id",
        s1_0."id",
        s1_0."description",
        s1_0."first_image",
        s1_0."price",
        s1_0."service_name" 
    from
        "day" d1_0 
    left join
        "reservation" r1_0 
            on d1_0."date"=r1_0."day_date" 
    left join
        "customer" c1_0 
            on c1_0."id"=r1_0."customer_id" 
    left join
        "service" s1_0 
            on s1_0."id"=r1_0."service_id" 
    where
        d1_0."date"=?
Hibernate: 
    insert 
    into
        "day"
        ("is_available", "date") 
    values
        (?, ?)
Hibernate: 
    insert 
    into
        "day_occupied_hour"
        ("day_date", "occupied_hour") 
    values
        (?, ?)
Hibernate: 
    insert 
    into
        "service"
        ("description", "first_image", "price", "service_name", "id") 
    values
        (?, ?, ?, ?, ?)
Hibernate: 
    insert 
    into
        "customer"
        ("email", "name", "password", "phone_number", "role", "surname", "token_registration", "id") 
    values
        (?, ?, ?, ?, ?, ?, ?, ?)
Hibernate: 
    select
        d1_0."date",
        d1_0."is_available" 
    from
        "day" d1_0 
    where
        d1_0."date"=?
Hibernate: 
    select
        s1_0."id",
        s1_0."description",
        s1_0."first_image",
        s1_0."price",
        s1_0."service_name" 
    from
        "service" s1_0 
    where
        s1_0."service_name"=?
Hibernate: 
    select
        c1_0."id",
        c1_0."email",
        c1_0."name",
        c1_0."password",
        c1_0."phone_number",
        c1_0."role",
        c1_0."surname",
        c1_0."token_registration" 
    from
        "customer" c1_0 
    where
        c1_0."email"=?
Hibernate: 
    select
        null,
        d1_0."is_available" 
    from
        "day" d1_0 
    where
        d1_0."date"=?
Hibernate: 
    insert 
    into
        "reservation"
        ("customer_id", "day_date", "hour", "is_completed", "is_deletable", "service_id", "id") 
    values
        (?, ?, ?, ?, ?, ?, ?)
Hibernate: 
    select
        r1_0."day_date",
        s1_0."service_name",
        c1_0."name",
        c1_0."surname",
        r1_0."hour" 
    from
        "reservation" r1_0 
    join
        "service" s1_0 
            on s1_0."id"=r1_0."service_id" 
    join
        "customer" c1_0 
            on c1_0."id"=r1_0."customer_id" 
    where
        s1_0."service_name"=?
Hibernate: 
    select
        r1_0."day_date",
        s1_0."service_name",
        c1_0."name",
        c1_0."surname",
        r1_0."hour" 
    from
        "reservation" r1_0 
    join
        "service" s1_0 
            on s1_0."id"=r1_0."service_id" 
    join
        "customer" c1_0 
            on c1_0."id"=r1_0."customer_id" 
    where
        s1_0."service_name"=?
]]></system-out>
  </testcase>
</testsuite>