<?xml version="1.0" encoding="UTF-8"?>
<testsuite xmlns:xsi="http://www.w3.org/2001/XMLSchema-instance" xsi:noNamespaceSchemaLocation="https://maven.apache.org/surefire/maven-surefire-plugin/xsd/surefire-test-report.xsd" version="3.0.2" name="com.example.SiteCercolaFioravante.repository_tests.CustomerRepositoryTest" time="1.986" tests="3" errors="0" skipped="0" failures="0">
  <properties>
[...]
</properties>
  <testcase name="givenUser_whenSaved_thenCanBeFoundByEmail" classname="com.example.SiteCercolaFioravante.repository_tests.CustomerRepositoryTest" time="0.928">
    <system-out><![CDATA[2025-04-03T19:01:25.455+02:00  INFO 8526 --- [SiteCercolaFioravante] [           main] t.c.s.AnnotationConfigContextLoaderUtils : Could not detect default configuration classes for test class [com.example.SiteCercolaFioravante.repository_tests.CustomerRepositoryTest]: CustomerRepositoryTest does not declare any static, non-private, non-final, nested classes annotated with @Configuration.
2025-04-03T19:01:25.498+02:00  INFO 8526 --- [SiteCercolaFioravante] [           main] .b.t.c.SpringBootTestContextBootstrapper : Found @SpringBootConfiguration com.example.SiteCercolaFioravante.SiteCercolaFioravanteApplication for test class com.example.SiteCercolaFioravante.repository_tests.CustomerRepositoryTest

  .   ____          _            __ _ _
 /\\ / ___'_ __ _ _(_)_ __  __ _ \ \ \ \
( ( )\___ | '_ | '_| | '_ \/ _` | \ \ \ \
 \\/  ___)| |_)| | | | | || (_| |  ) ) ) )
  '  |____| .__|_| |_|_| |_\__, | / / / /
 =========|_|==============|___/=/_/_/_/

 :: Spring Boot ::                (v3.4.0)

2025-04-03T19:01:25.572+02:00  INFO 8526 --- [SiteCercolaFioravante] [           main] c.e.S.r.CustomerRepositoryTest           : Starting CustomerRepositoryTest using Java 21.0.6 with PID 8526 (started by andrea in /home/andrea/IdeaProjects/SiteCercolaFiorvante)
2025-04-03T19:01:25.573+02:00  INFO 8526 --- [SiteCercolaFioravante] [           main] c.e.S.r.CustomerRepositoryTest           : No active profile set, falling back to 1 default profile: "default"
2025-04-03T19:01:25.717+02:00  INFO 8526 --- [SiteCercolaFioravante] [           main] .s.d.r.c.RepositoryConfigurationDelegate : Bootstrapping Spring Data JPA repositories in DEFAULT mode.
2025-04-03T19:01:25.736+02:00  INFO 8526 --- [SiteCercolaFioravante] [           main] .s.d.r.c.RepositoryConfigurationDelegate : Finished Spring Data repository scanning in 16 ms. Found 4 JPA repository interfaces.
2025-04-03T19:01:25.759+02:00  INFO 8526 --- [SiteCercolaFioravante] [           main] beddedDataSourceBeanFactoryPostProcessor : Replacing 'dataSource' DataSource bean with embedded version
2025-04-03T19:01:25.796+02:00  INFO 8526 --- [SiteCercolaFioravante] [           main] o.s.j.d.e.EmbeddedDatabaseFactory        : Starting embedded database: url='jdbc:h2:mem:1dd58b09-d246-4d3d-8a2f-c1910d0f7625;DB_CLOSE_DELAY=-1;DB_CLOSE_ON_EXIT=false', username='sa'
2025-04-03T19:01:25.825+02:00  INFO 8526 --- [SiteCercolaFioravante] [           main] o.hibernate.jpa.internal.util.LogHelper  : HHH000204: Processing PersistenceUnitInfo [name: default]
2025-04-03T19:01:25.827+02:00  INFO 8526 --- [SiteCercolaFioravante] [           main] o.h.c.internal.RegionFactoryInitiator    : HHH000026: Second-level cache disabled
2025-04-03T19:01:25.843+02:00  INFO 8526 --- [SiteCercolaFioravante] [           main] o.s.o.j.p.SpringPersistenceUnitInfo      : No LoadTimeWeaver setup: ignoring JPA class transformer
2025-04-03T19:01:25.846+02:00  INFO 8526 --- [SiteCercolaFioravante] [           main] org.hibernate.orm.connections.pooling    : HHH10001005: Database info:
	Database JDBC URL [Connecting through datasource 'org.springframework.jdbc.datasource.embedded.EmbeddedDatabaseFactory$EmbeddedDataSourceProxy@22938166']
	Database driver: undefined/unknown
	Database version: 2.3.232
	Autocommit mode: undefined/unknown
	Isolation level: undefined/unknown
	Minimum pool size: undefined/unknown
	Maximum pool size: undefined/unknown
Hibernate: 
    create global temporary table "HTE_service"(rn_ integer not null, "id" bigint, "price" float(53), "description" varchar(1500), "first_image" varchar(255), "service_name" varchar(255), primary key (rn_)) TRANSACTIONAL
Hibernate: 
    create global temporary table "HTE_reservation"("day_date" date, "hour" integer, "is_completed" boolean, "is_deletable" boolean, rn_ integer not null, "customer_id" bigint, "id" bigint, "service_id" bigint, primary key (rn_)) TRANSACTIONAL
Hibernate: 
    create global temporary table "HTE_customer"(rn_ integer not null, "id" bigint, "phone_number" varchar(10), "email" varchar(255), "name" varchar(255), "password" varchar(255), "surname" varchar(255), "token_registration" varchar(255), "role" enum ('ADMIN', 'CUSTOMER', 'CUSTOMER_IN_LOCO'), primary key (rn_)) TRANSACTIONAL
2025-04-03T19:01:25.992+02:00  INFO 8526 --- [SiteCercolaFioravante] [           main] o.h.e.t.j.p.i.JtaPlatformInitiator       : HHH000489: No JTA platform available (set 'hibernate.transaction.jta.platform' to enable JTA platform integration)
Hibernate: 
    create table "day" (
        "date" date not null,
        "is_available" boolean default true not null,
        primary key ("date")
    )
Hibernate: 
    create table "day_occupied_hour" (
        "day_date" date not null,
        "occupied_hour" integer
    )
Hibernate: 
    create table "reservation" (
        "id" bigint not null,
        "hour" integer not null,
        "is_completed" boolean default false not null,
        "is_deletable" boolean default true not null,
        "customer_id" bigint not null,
        "day_date" date not null,
        "service_id" bigint not null,
        primary key ("id")
    )
Hibernate: 
    create table "service" (
        "id" bigint not null,
        "description" varchar(1500) not null,
        "first_image" varchar(255),
        "price" float(53) not null,
        "service_name" varchar(255),
        primary key ("id")
    )
Hibernate: 
    create table "service_images" (
        "service_id" bigint not null,
        "images" varchar(255)
    )
Hibernate: 
    create table "customer" (
        "id" bigint not null,
        "email" varchar(255),
        "name" varchar(255) not null,
        "password" varchar(255) not null,
        "phone_number" varchar(10),
        "role" enum ('ADMIN','CUSTOMER','CUSTOMER_IN_LOCO') not null,
        "surname" varchar(255) not null,
        "token_registration" varchar(255),
        primary key ("id")
    )
Hibernate: 
    alter table if exists "reservation" 
       drop constraint if exists "UK7ktvri1j1664n9e7d61dmnjm4"
Hibernate: 
    alter table if exists "reservation" 
       add constraint "UK7ktvri1j1664n9e7d61dmnjm4" unique ("day", "hour")
Hibernate: 
    alter table if exists "service" 
       drop constraint if exists "UKomccibhimc33lyjafun306kuo"
Hibernate: 
    alter table if exists "service" 
       add constraint "UKomccibhimc33lyjafun306kuo" unique ("service_name")
Hibernate: 
    alter table if exists "customer" 
       drop constraint if exists "UKk62h1m5t6hdhhd1iqy4fyms5n"
Hibernate: 
    alter table if exists "customer" 
       add constraint "UKk62h1m5t6hdhhd1iqy4fyms5n" unique ("email")
Hibernate: 
    alter table if exists "customer" 
       drop constraint if exists "UKidcqqrd5qiidi7o0ixx8li6kn"
Hibernate: 
    alter table if exists "customer" 
       add constraint "UKidcqqrd5qiidi7o0ixx8li6kn" unique ("phone_number")
Hibernate: 
    create sequence "customer_seq" start with 1 increment by 50
Hibernate: 
    create sequence "reservation_seq" start with 1 increment by 50
Hibernate: 
    create sequence "service_seq" start with 1 increment by 50
Hibernate: 
    alter table if exists "day_occupied_hour" 
       add constraint "FKi1cpfmm34uftitus6jvuxamb" 
       foreign key ("day_date") 
       references "day"
Hibernate: 
    alter table if exists "reservation" 
       add constraint "FK5foqwyoqoa77vttmr8ab9hhpc" 
       foreign key ("customer_id") 
       references "customer"
Hibernate: 
    alter table if exists "reservation" 
       add constraint "FK1l53php964shcbe024bkh4ryq" 
       foreign key ("day_date") 
       references "day"
Hibernate: 
    alter table if exists "reservation" 
       add constraint "FK4njd8t5pk1ms0fg5igsv2mu1o" 
       foreign key ("service_id") 
       references "service"
Hibernate: 
    alter table if exists "service_images" 
       add constraint "FKfj3f10qone17c7h9l02icuq9i" 
       foreign key ("service_id") 
       references "service"
2025-04-03T19:01:26.015+02:00  INFO 8526 --- [SiteCercolaFioravante] [           main] j.LocalContainerEntityManagerFactoryBean : Initialized JPA EntityManagerFactory for persistence unit 'default'
2025-04-03T19:01:26.437+02:00  INFO 8526 --- [SiteCercolaFioravante] [           main] c.e.S.r.CustomerRepositoryTest           : Started CustomerRepositoryTest in 0.934 seconds (process running for 9.53)
Hibernate: 
    select
        next value for "customer_seq"
Hibernate: 
    insert 
    into
        "customer"
        ("email", "name", "password", "phone_number", "role", "surname", "token_registration", "id") 
    values
        (?, ?, ?, ?, ?, ?, ?, ?)
Hibernate: 
    select
        c1_0."surname",
        c1_0."name",
        c1_0."email" 
    from
        "customer" c1_0 
    where
        upper(c1_0."email") like ('%'||upper(?)||'%') escape ''
]]></system-out>
    <system-err><![CDATA[Mockito is currently self-attaching to enable the inline-mock-maker. This will no longer work in future releases of the JDK. Please add Mockito as an agent to your build what is described in Mockito's documentation: https://javadoc.io/doc/org.mockito/mockito-core/latest/org/mockito/Mockito.html#0.3
WARNING: A Java agent has been loaded dynamically (/home/andrea/.m2/repository/net/bytebuddy/byte-buddy-agent/1.15.10/byte-buddy-agent-1.15.10.jar)
WARNING: If a serviceability tool is in use, please run with -XX:+EnableDynamicAgentLoading to hide this warning
WARNING: If a serviceability tool is not in use, please run with -Djdk.instrument.traceUsage for more information
WARNING: Dynamic loading of agents will be disallowed by default in a future release
]]></system-err>
  </testcase>
  <testcase name="givenUser_whenSaved_thenCanBeFoundBynameUsername" classname="com.example.SiteCercolaFioravante.repository_tests.CustomerRepositoryTest" time="0.02">
    <system-out><![CDATA[Hibernate: 
    select
        next value for "customer_seq"
Hibernate: 
    insert 
    into
        "customer"
        ("email", "name", "password", "phone_number", "role", "surname", "token_registration", "id") 
    values
        (?, ?, ?, ?, ?, ?, ?, ?)
Hibernate: 
    select
        c1_0."surname",
        c1_0."name",
        c1_0."email" 
    from
        "customer" c1_0 
    where
        upper(c1_0."name") like ('%'||upper(?)||'%') escape '' 
        or upper(c1_0."surname") like ('%'||upper(?)||'%') escape ''
]]></system-out>
  </testcase>
  <testcase name="givenUser_whenSaved_thenCanBeFoundByPhoneNumber" classname="com.example.SiteCercolaFioravante.repository_tests.CustomerRepositoryTest" time="0.02">
    <system-out><![CDATA[Hibernate: 
    insert 
    into
        "customer"
        ("email", "name", "password", "phone_number", "role", "surname", "token_registration", "id") 
    values
        (?, ?, ?, ?, ?, ?, ?, ?)
Hibernate: 
    select
        c1_0."surname",
        c1_0."name",
        c1_0."email",
        c1_0."phone_number" 
    from
        "customer" c1_0 
    where
        c1_0."phone_number"=?
]]></system-out>
  </testcase>
</testsuite>